Arguments: 
  C:\Program Files\nodejs\node.exe C:\Users\Bevan Christians\AppData\Roaming\npm\node_modules\yarn\bin\yarn.js init

PATH: 
  C:\Users\Bevan Christians\bin;C:\Program Files\Git\mingw64\bin;C:\Program Files\Git\usr\local\bin;C:\Program Files\Git\usr\bin;C:\Program Files\Git\usr\bin;C:\Program Files\Git\mingw64\bin;C:\Program Files\Git\usr\bin;C:\Users\Bevan Christians\bin;C:\Program Files\Docker\Docker\Resources\bin;C:\Program Files (x86)\Intel\iCLS Client;C:\Program Files\Intel\iCLS Client;C:\WINDOWS\system32;C:\WINDOWS;C:\WINDOWS\System32\Wbem;C:\WINDOWS\System32\WindowsPowerShell\v1.0;C:\Program Files (x86)\Intel\Intel(R) Management Engine Components\DAL;C:\Program Files\Intel\Intel(R) Management Engine Components\DAL;C:\Program Files (x86)\Intel\Intel(R) Management Engine Components\IPT;C:\Program Files\Intel\Intel(R) Management Engine Components\IPT;C:\Program Files\Microsoft SQL Server\130\Tools\Binn;C:\Program Files\Microsoft SQL Server\120\DTS\Binn;C:\Program Files\Microsoft SQL Server\Client SDK\ODBC\110\Tools\Binn;C:\Program Files (x86)\Microsoft SQL Server\120\Tools\Binn;C:\Program Files\Microsoft SQL Server\120\Tools\Binn;C:\Program Files (x86)\Microsoft SQL Server\120\Tools\Binn\ManagementStudio;C:\Program Files (x86)\Microsoft SQL Server\120\DTS\Binn;C:\Program Files\OpenVPN\bin;C:\Program Files\Git\cmd;C:\Program Files\Microsoft\Web Platform Installer;C:\Program Files (x86)\Microsoft SQL Server\110\DTS\Binn;C:\Program Files (x86)\Microsoft SQL Server\130\DTS\Binn;C:\Program Files (x86)\Microsoft SQL Server\Client SDK\ODBC\130\Tools\Binn;C:\Program Files (x86)\Microsoft SQL Server\140\Tools\Binn;C:\Program Files (x86)\Microsoft SQL Server\140\DTS\Binn;C:\Program Files (x86)\Microsoft SQL Server\140\Tools\Binn\ManagementStudio;C:\Program Files (x86)\Skype\Phone;C:\Program Files\dotnet;C:\php;C:\ProgramData\ComposerSetup\bin;C:\Program Files\PuTTY;%NVM_HOME%;%NVM_SYMLINK%;C:\Program Files (x86)\LINQPad5;C:\Users\Bevan Christians\AppData\Local\Programs\Python\Python36\Scripts;C:\Users\Bevan Christians\AppData\Local\Programs\Python\Python36;C:\Users\Bevan Christians\AppData\Local\Programs\Python\Python36-32\Scripts;C:\Users\Bevan Christians\AppData\Local\Programs\Python\Python36-32;C:\Users\Bevan Christians\AppData\Local\Microsoft\WindowsApps;C:\Users\Bevan Christians\AppData\Roaming\npm;C:\Users\Bevan Christians\AppData\Roaming\Composer\vendor\bin;C:\Users\Bevan Christians\AppData\Local\GitHubDesktop\bin;C:\Program Files\Microsoft VS Code\bin;C:\Users\Bevan Christians\AppData\Local\Microsoft\WindowsApps;C:\Users\Bevan Christians\AppData\Roaming\nvm;C:\Program Files\nodejs;C:\Program Files\Git\usr\bin\vendor_perl;C:\Program Files\Git\usr\bin\core_perl

Yarn version: 
  1.2.1

Node version: 
  8.6.0

Platform: 
  win32 x64

npm manifest: 
  No manifest

yarn manifest: 
  No manifest

Lockfile: 
  No lockfile

Trace: 
  Error: Can't answer a question unless a user TTY
      at ConsoleReporter.question (C:\Users\Bevan Christians\AppData\Roaming\npm\node_modules\yarn\lib\cli.js:87242:59)
      at Object.<anonymous> (C:\Users\Bevan Christians\AppData\Roaming\npm\node_modules\yarn\lib\cli.js:81759:38)
      at Generator.next (<anonymous>)
      at step (C:\Users\Bevan Christians\AppData\Roaming\npm\node_modules\yarn\lib\cli.js:92:30)
      at C:\Users\Bevan Christians\AppData\Roaming\npm\node_modules\yarn\lib\cli.js:103:13
      at <anonymous>
